{"name": "test_homepage_loads", "status": "broken", "statusDetails": {"message": "selenium.common.exceptions.NoSuchDriverException: Message: Unable to obtain driver for chrome; For documentation on this error, please visit: https://www.selenium.dev/documentation/webdriver/troubleshooting/errors/driver_location", "trace": "self = <selenium.webdriver.common.driver_finder.DriverFinder object at 0x000002C6CABE1D30>\n\n    def _binary_paths(self) -> dict:\n        if self._paths[\"driver_path\"]:\n            return self._paths\n    \n        browser = self._options.capabilities[\"browserName\"]\n        try:\n            path = self._service.path\n            if path:\n                logger.debug(\n                    \"Skipping Selenium Manager; path to %s driver specified in Service class: %s\", browser, path\n                )\n>               if not Path(path).is_file():\n                       ^^^^^^^^^^\n\nshael\\Lib\\site-packages\\selenium\\webdriver\\common\\driver_finder.py:63: \n_ _ _ _ _ _ _ _ _ _ _ _ _ _ _ _ _ _ _ _ _ _ _ _ _ _ _ _ _ _ _ _ _ _ _ _ _ _ _ _ _ _ _ _ _ _ _ _ _ _ _ _ _ _ _ _ _ _ _ _ _ _ _ _ _ _ _ _ _ _ _ _ _ _ _ _ _ _ _ _ _ _ _ _ _ _ _ _ _ _ _ _ _ _ _ _ _ _ _ _ _ _ _ _ _ _ _ _ _ _ _ _ _ _\n..\\..\\..\\AppData\\Local\\Programs\\Python\\Python313\\Lib\\pathlib\\_local.py:503: in __init__\n    super().__init__(*args)\n_ _ _ _ _ _ _ _ _ _ _ _ _ _ _ _ _ _ _ _ _ _ _ _ _ _ _ _ _ _ _ _ _ _ _ _ _ _ _ _ _ _ _ _ _ _ _ _ _ _ _ _ _ _ _ _ _ _ _ _ _ _ _ _ _ _ _ _ _ _ _ _ _ _ _ _ _ _ _ _ _ _ _ _ _ _ _ _ _ _ _ _ _ _ _ _ _ _ _ _ _ _ _ _ _ _ _ _ _ _ _ _ _ _\n\nself = <[AttributeError(\"'pathlib._local.WindowsPath' object has no attribute '_raw_paths'\") raised in repr()] WindowsPath object at 0x2c6cabce500>\nargs = (<bound method ChromeDriverManager.install of <webdriver_manager.chrome.ChromeDriverManager object at 0x000002C6CABE17F0>>,), paths = []\narg = <bound method ChromeDriverManager.install of <webdriver_manager.chrome.ChromeDriverManager object at 0x000002C6CABE17F0>>\npath = <bound method ChromeDriverManager.install of <webdriver_manager.chrome.ChromeDriverManager object at 0x000002C6CABE17F0>>\n\n    def __init__(self, *args):\n        paths = []\n        for arg in args:\n            if isinstance(arg, PurePath):\n                if arg.parser is not self.parser:\n                    # GH-103631: Convert separators for backwards compatibility.\n                    paths.append(arg.as_posix())\n                else:\n                    paths.extend(arg._raw_paths)\n            else:\n                try:\n                    path = os.fspath(arg)\n                except TypeError:\n                    path = arg\n                if not isinstance(path, str):\n>                   raise TypeError(\n                        \"argument should be a str or an os.PathLike \"\n                        \"object where __fspath__ returns a str, \"\n                        f\"not {type(path).__name__!r}\")\nE                   TypeError: argument should be a str or an os.PathLike object where __fspath__ returns a str, not 'method'\n\n..\\..\\..\\AppData\\Local\\Programs\\Python\\Python313\\Lib\\pathlib\\_local.py:132: TypeError\n\nThe above exception was the direct cause of the following exception:\n\n    @pytest.fixture(scope=\"function\")\n    def browser():\n>       driver = DriverFactory.get_driver()\n                 ^^^^^^^^^^^^^^^^^^^^^^^^^^\n\nconftest.py:11: \n_ _ _ _ _ _ _ _ _ _ _ _ _ _ _ _ _ _ _ _ _ _ _ _ _ _ _ _ _ _ _ _ _ _ _ _ _ _ _ _ _ _ _ _ _ _ _ _ _ _ _ _ _ _ _ _ _ _ _ _ _ _ _ _ _ _ _ _ _ _ _ _ _ _ _ _ _ _ _ _ _ _ _ _ _ _ _ _ _ _ _ _ _ _ _ _ _ _ _ _ _ _ _ _ _ _ _ _ _ _ _ _ _ _\ncore\\driver_factory.py:19: in get_driver\n    cls._driver = webdriver.Chrome(service=service,options=options)\n                  ^^^^^^^^^^^^^^^^^^^^^^^^^^^^^^^^^^^^^^^^^^^^^^^^^\nshael\\Lib\\site-packages\\selenium\\webdriver\\chrome\\webdriver.py:46: in __init__\n    super().__init__(\nshael\\Lib\\site-packages\\selenium\\webdriver\\chromium\\webdriver.py:51: in __init__\n    if finder.get_browser_path():\n       ^^^^^^^^^^^^^^^^^^^^^^^^^\nshael\\Lib\\site-packages\\selenium\\webdriver\\common\\driver_finder.py:47: in get_browser_path\n    return self._binary_paths()[\"browser_path\"]\n           ^^^^^^^^^^^^^^^^^^^^\n_ _ _ _ _ _ _ _ _ _ _ _ _ _ _ _ _ _ _ _ _ _ _ _ _ _ _ _ _ _ _ _ _ _ _ _ _ _ _ _ _ _ _ _ _ _ _ _ _ _ _ _ _ _ _ _ _ _ _ _ _ _ _ _ _ _ _ _ _ _ _ _ _ _ _ _ _ _ _ _ _ _ _ _ _ _ _ _ _ _ _ _ _ _ _ _ _ _ _ _ _ _ _ _ _ _ _ _ _ _ _ _ _ _\n\nself = <selenium.webdriver.common.driver_finder.DriverFinder object at 0x000002C6CABE1D30>\n\n    def _binary_paths(self) -> dict:\n        if self._paths[\"driver_path\"]:\n            return self._paths\n    \n        browser = self._options.capabilities[\"browserName\"]\n        try:\n            path = self._service.path\n            if path:\n                logger.debug(\n                    \"Skipping Selenium Manager; path to %s driver specified in Service class: %s\", browser, path\n                )\n                if not Path(path).is_file():\n                    raise ValueError(f\"The path is not a valid file: {path}\")\n                self._paths[\"driver_path\"] = path\n            else:\n                output = SeleniumManager().binary_paths(self._to_args())\n                if Path(output[\"driver_path\"]).is_file():\n                    self._paths[\"driver_path\"] = output[\"driver_path\"]\n                else:\n                    raise ValueError(f\"The driver path is not a valid file: {output['driver_path']}\")\n                if Path(output[\"browser_path\"]).is_file():\n                    self._paths[\"browser_path\"] = output[\"browser_path\"]\n                else:\n                    raise ValueError(f\"The browser path is not a valid file: {output['browser_path']}\")\n        except Exception as err:\n            msg = f\"Unable to obtain driver for {browser}\"\n>           raise NoSuchDriverException(msg) from err\nE           selenium.common.exceptions.NoSuchDriverException: Message: Unable to obtain driver for chrome; For documentation on this error, please visit: https://www.selenium.dev/documentation/webdriver/troubleshooting/errors/driver_location\n\nshael\\Lib\\site-packages\\selenium\\webdriver\\common\\driver_finder.py:78: NoSuchDriverException"}, "attachments": [{"name": "log", "source": "e2b65420-fbff-46dc-a39d-2c921a2d66e2-attachment.txt", "type": "text/plain"}], "start": 1767346930132, "stop": 1767346930132, "uuid": "e0769b7e-99d6-4a2b-b9c1-fe4971ae105f", "historyId": "397b2805fabf41e35882777b31cd2b45", "testCaseId": "397b2805fabf41e35882777b31cd2b45", "fullName": "tests.ui.test_homepage.TestHomePage#test_homepage_loads", "labels": [{"name": "parentSuite", "value": "tests.ui"}, {"name": "suite", "value": "test_homepage"}, {"name": "subSuite", "value": "TestHomePage"}, {"name": "host", "value": "INDELNB1827"}, {"name": "thread", "value": "18624-MainThread"}, {"name": "framework", "value": "pytest"}, {"name": "language", "value": "cpython3"}, {"name": "package", "value": "tests.ui.test_homepage"}], "titlePath": ["tests", "ui", "test_homepage.py", "TestHomePage"]}